<?xml version="1.0" encoding="UTF-8"?>
<testng-results skipped="0" failed="0" total="1" passed="1">
  <reporter-output>
  </reporter-output>
  <suite name="Cnn UI Tests" duration-ms="12021" started-at="2014-01-05T01:58:45Z" finished-at="2014-01-05T01:58:57Z">
    <groups>
    </groups>
    <test name="TestUrl" duration-ms="12021" started-at="2014-01-05T01:58:45Z" finished-at="2014-01-05T01:58:57Z">
      <class name="LogInLogOutTest">
        <test-method status="PASS" signature="go_to_WebSite()[pri:0, instance:LogInLogOutTest@111a3ce4]" name="go_to_WebSite" is-config="true" duration-ms="1462" started-at="2014-01-04T20:58:45Z" finished-at="2014-01-04T20:58:47Z">
          <reporter-output>
          </reporter-output>
        </test-method> <!-- go_to_WebSite -->
        <test-method status="PASS" signature="logIn_Test()[pri:0, instance:LogInLogOutTest@111a3ce4]" name="logIn_Test" duration-ms="10181" started-at="2014-01-04T20:58:47Z" finished-at="2014-01-04T20:58:57Z">
          <reporter-output>
          </reporter-output>
        </test-method> <!-- logIn_Test -->
        <test-method status="PASS" signature="close_Browser()[pri:0, instance:LogInLogOutTest@111a3ce4]" name="close_Browser" is-config="true" duration-ms="366" started-at="2014-01-04T20:58:57Z" finished-at="2014-01-04T20:58:57Z">
          <reporter-output>
          </reporter-output>
        </test-method> <!-- close_Browser -->
      </class> <!-- LogInLogOutTest -->
    </test> <!-- TestUrl -->
  </suite> <!-- Cnn UI Tests -->
</testng-results>
